<?xml version="1.0" encoding="UTF-8"?>
<testsuite xmlns:xsi="http://www.w3.org/2001/XMLSchema-instance" xsi:noNamespaceSchemaLocation="https://maven.apache.org/surefire/maven-surefire-plugin/xsd/surefire-test-report-3.0.xsd" version="3.0" name="ContractEmployeeImplTest" time="0.058" tests="3" errors="0" skipped="0" failures="0">
  <properties>
[...]
</properties>
  <testcase name="testSetAndGetRenewalDate" classname="ContractEmployeeImplTest" time="0.002"/>
  <testcase name="testToString" classname="ContractEmployeeImplTest" time="0.02"/>
  <testcase name="testCalculateTotalCompensation" classname="ContractEmployeeImplTest" time="0"/>
</testsuite>